[WARNING ORD-0039] .openroad ignored with -python
                                Cells by Master                                 
┏━━━━━━━━━━━━━━━━━━━━━━━━━━━━━━━━━━━━━━━━━━━━━━━━━━━━━━━━━━━━━━━━┳━━━━━━━━━━━━━┓
┃ Cell                                                           ┃ Count       ┃
┡━━━━━━━━━━━━━━━━━━━━━━━━━━━━━━━━━━━━━━━━━━━━━━━━━━━━━━━━━━━━━━━━╇━━━━━━━━━━━━━┩
│ sky130_ef_sc_hd__decap_12                                      │ 61          │
│ sky130_fd_sc_hd__a211oi_1                                      │ 2           │
│ sky130_fd_sc_hd__a21boi_1                                      │ 1           │
│ sky130_fd_sc_hd__a21o_1                                        │ 2           │
│ sky130_fd_sc_hd__a21oi_1                                       │ 5           │
│ sky130_fd_sc_hd__a22o_1                                        │ 1           │
│ sky130_fd_sc_hd__a311oi_1                                      │ 2           │
│ sky130_fd_sc_hd__a31o_1                                        │ 3           │
│ sky130_fd_sc_hd__a32o_1                                        │ 2           │
│ sky130_fd_sc_hd__a41o_1                                        │ 1           │
│ sky130_fd_sc_hd__and2_1                                        │ 3           │
│ sky130_fd_sc_hd__and2b_1                                       │ 3           │
│ sky130_fd_sc_hd__and3b_1                                       │ 1           │
│ sky130_fd_sc_hd__and4_1                                        │ 1           │
│ sky130_fd_sc_hd__buf_1                                         │ 3           │
│ sky130_fd_sc_hd__buf_2                                         │ 19          │
│ sky130_fd_sc_hd__bufinv_16                                     │ 1           │
│ sky130_fd_sc_hd__clkbuf_1                                      │ 12          │
│ sky130_fd_sc_hd__clkbuf_16                                     │ 5           │
│ sky130_fd_sc_hd__clkbuf_2                                      │ 3           │
│ sky130_fd_sc_hd__clkbuf_4                                      │ 7           │
│ sky130_fd_sc_hd__clkbuf_8                                      │ 1           │
│ sky130_fd_sc_hd__decap_3                                       │ 74          │
│ sky130_fd_sc_hd__decap_4                                       │ 24          │
│ sky130_fd_sc_hd__decap_6                                       │ 18          │
│ sky130_fd_sc_hd__decap_8                                       │ 11          │
│ sky130_fd_sc_hd__dfrtp_1                                       │ 35          │
│ sky130_fd_sc_hd__dfrtp_4                                       │ 1           │
│ sky130_fd_sc_hd__dfstp_1                                       │ 10          │
│ sky130_fd_sc_hd__dfstp_2                                       │ 1           │
│ sky130_fd_sc_hd__dfxtp_1                                       │ 2           │
│ sky130_fd_sc_hd__dlygate4sd3_1                                 │ 32          │
│ sky130_fd_sc_hd__fill_1                                        │ 69          │
│ sky130_fd_sc_hd__fill_2                                        │ 34          │
│ sky130_fd_sc_hd__inv_2                                         │ 9           │
│ sky130_fd_sc_hd__mux2_1                                        │ 22          │
│ sky130_fd_sc_hd__mux4_1                                        │ 2           │
│ sky130_fd_sc_hd__nand2_1                                       │ 3           │
│ sky130_fd_sc_hd__nand2b_1                                      │ 1           │
│ sky130_fd_sc_hd__nand2b_2                                      │ 1           │
│ sky130_fd_sc_hd__nor2_1                                        │ 8           │
│ sky130_fd_sc_hd__nor3_1                                        │ 2           │
│ sky130_fd_sc_hd__o21a_1                                        │ 7           │
│ sky130_fd_sc_hd__o21ai_1                                       │ 5           │
│ sky130_fd_sc_hd__o21ba_1                                       │ 1           │
│ sky130_fd_sc_hd__o21bai_1                                      │ 3           │
│ sky130_fd_sc_hd__o311a_1                                       │ 1           │
│ sky130_fd_sc_hd__o31a_1                                        │ 2           │
│ sky130_fd_sc_hd__or2_1                                         │ 4           │
│ sky130_fd_sc_hd__or2_2                                         │ 1           │
│ sky130_fd_sc_hd__or3_1                                         │ 6           │
│ sky130_fd_sc_hd__or3b_1                                        │ 5           │
│ sky130_fd_sc_hd__or4_1                                         │ 2           │
│ sky130_fd_sc_hd__or4bb_1                                       │ 2           │
│ sky130_fd_sc_hd__tapvpwrvgnd_1                                 │ 67          │
│ sky130_fd_sc_hd__xnor2_1                                       │ 3           │
│ sky130_fd_sc_hd__xor2_1                                        │ 2           │
└────────────────────────────────────────────────────────────────┴─────────────┘
                               Cells by Function                                
┏━━━━━━━━━━━━━━━━━━━━━━━━━━━━━━━━━━━━━━━━━━━━━━━━━━━━━━━━━━━━━━━┳━━━━━━━━━━━━━━┓
┃ Cell Function                                                 ┃ Count        ┃
┡━━━━━━━━━━━━━━━━━━━━━━━━━━━━━━━━━━━━━━━━━━━━━━━━━━━━━━━━━━━━━━━╇━━━━━━━━━━━━━━┩
│ sky130_ef_sc_hd__decap                                        │ 61           │
│ sky130_fd_sc_hd__a211oi                                       │ 2            │
│ sky130_fd_sc_hd__a21boi                                       │ 1            │
│ sky130_fd_sc_hd__a21o                                         │ 2            │
│ sky130_fd_sc_hd__a21oi                                        │ 5            │
│ sky130_fd_sc_hd__a22o                                         │ 1            │
│ sky130_fd_sc_hd__a311oi                                       │ 2            │
│ sky130_fd_sc_hd__a31o                                         │ 3            │
│ sky130_fd_sc_hd__a32o                                         │ 2            │
│ sky130_fd_sc_hd__a41o                                         │ 1            │
│ sky130_fd_sc_hd__and2                                         │ 3            │
│ sky130_fd_sc_hd__and2b                                        │ 3            │
│ sky130_fd_sc_hd__and3b                                        │ 1            │
│ sky130_fd_sc_hd__and4                                         │ 1            │
│ sky130_fd_sc_hd__buf                                          │ 22           │
│ sky130_fd_sc_hd__bufinv                                       │ 1            │
│ sky130_fd_sc_hd__clkbuf                                       │ 28           │
│ sky130_fd_sc_hd__decap                                        │ 127          │
│ sky130_fd_sc_hd__dfrtp                                        │ 36           │
│ sky130_fd_sc_hd__dfstp                                        │ 11           │
│ sky130_fd_sc_hd__dfxtp                                        │ 2            │
│ sky130_fd_sc_hd__dlygate4sd3                                  │ 32           │
│ sky130_fd_sc_hd__fill                                         │ 103          │
│ sky130_fd_sc_hd__inv                                          │ 9            │
│ sky130_fd_sc_hd__mux2                                         │ 22           │
│ sky130_fd_sc_hd__mux4                                         │ 2            │
│ sky130_fd_sc_hd__nand2                                        │ 3            │
│ sky130_fd_sc_hd__nand2b                                       │ 2            │
│ sky130_fd_sc_hd__nor2                                         │ 8            │
│ sky130_fd_sc_hd__nor3                                         │ 2            │
│ sky130_fd_sc_hd__o21a                                         │ 7            │
│ sky130_fd_sc_hd__o21ai                                        │ 5            │
│ sky130_fd_sc_hd__o21ba                                        │ 1            │
│ sky130_fd_sc_hd__o21bai                                       │ 3            │
│ sky130_fd_sc_hd__o311a                                        │ 1            │
│ sky130_fd_sc_hd__o31a                                         │ 2            │
│ sky130_fd_sc_hd__or2                                          │ 5            │
│ sky130_fd_sc_hd__or3                                          │ 6            │
│ sky130_fd_sc_hd__or3b                                         │ 5            │
│ sky130_fd_sc_hd__or4                                          │ 2            │
│ sky130_fd_sc_hd__or4bb                                        │ 2            │
│ sky130_fd_sc_hd__tapvpwrvgnd                                  │ 67           │
│ sky130_fd_sc_hd__xnor2                                        │ 3            │
│ sky130_fd_sc_hd__xor2                                         │ 2            │
└───────────────────────────────────────────────────────────────┴──────────────┘
                                  Cells by SCL                                  
┏━━━━━━━━━━━━━━━━━━━━━━━━━━━━━━━━━━━━━━━━━━━━━━━━━━━━━━━┳━━━━━━━━━━━━━━━━━━━━━━┓
┃ SCL                                                   ┃ Count                ┃
┡━━━━━━━━━━━━━━━━━━━━━━━━━━━━━━━━━━━━━━━━━━━━━━━━━━━━━━━╇━━━━━━━━━━━━━━━━━━━━━━┩
│ sky130_ef_sc_hd                                       │ 61                   │
│ sky130_fd_sc_hd                                       │ 548                  │
└───────────────────────────────────────────────────────┴──────────────────────┘
                             Buffers by Cell Master                             
┏━━━━━━━━━━━━━━━━━━━━━━━━━━━━━━━━━━━━━━━━━━━━━━━━━━━━━━━━━━━━━━━━┳━━━━━━━━━━━━━┓
┃ Buffer                                                         ┃ Count       ┃
┡━━━━━━━━━━━━━━━━━━━━━━━━━━━━━━━━━━━━━━━━━━━━━━━━━━━━━━━━━━━━━━━━╇━━━━━━━━━━━━━┩
│ sky130_fd_sc_hd__buf_1                                         │ 3           │
│ sky130_fd_sc_hd__buf_2                                         │ 19          │
│ sky130_fd_sc_hd__clkbuf_1                                      │ 12          │
│ sky130_fd_sc_hd__clkbuf_16                                     │ 5           │
│ sky130_fd_sc_hd__clkbuf_2                                      │ 3           │
│ sky130_fd_sc_hd__clkbuf_4                                      │ 7           │
│ sky130_fd_sc_hd__clkbuf_8                                      │ 1           │
│ sky130_fd_sc_hd__dlygate4sd3_1                                 │ 32          │
└────────────────────────────────────────────────────────────────┴─────────────┘
