Reading OpenROAD database at '/home/bowang1308/DBQ_designs/SPI_master/runs/RUN_2025-06-05_17-26-58/24-openroad-ioplacement/SPI_Master_With_Multi_CS.odb'…
Reading library file at '/home/bowang1308/.volare/volare/sky130/versions/0fe599b2afb6708d281543108caf8310912f54af/sky130A/libs.ref/sky130_fd_sc_hd/lib/sky130_fd_sc_hd__tt_025C_1v80.lib'…
Reading design constraints file at '/nix/store/ss2cw3sxbrwwx9jl0rrppbw4kgcmgi2n-python3-3.11.9-env/lib/python3.11/site-packages/openlane/scripts/base.sdc'…
[INFO] Using clock i_Clk…
[INFO] Setting output delay to: 2
[INFO] Setting input delay to: 2
[INFO] Setting load to: 0.033442
[INFO] Setting clock uncertainty to: 0.25
[INFO] Setting clock transition to: 0.1499999999999999944488848768742172978818416595458984375
[INFO] Setting timing derate to: 5%
[INFO] Setting RC values…
[INFO] Setting signal min routing layer to: met1 and clock min routing layer to met1. 
[INFO] Setting signal max routing layer to: met5 and clock max routing layer to met5. 
+ global_placement -density 0.6296 -timing_driven -routability_driven -pad_right 0 -pad_left 0 -init_wirelength_coef 0.25
[INFO GPL-0002] DBU: 1000
[INFO GPL-0003] SiteSize: (  0.460  2.720 ) um
[INFO GPL-0004] CoreBBox: (  5.520 10.880 ) ( 74.520 78.880 ) um
[INFO GPL-0006] NumInstances:               285
[INFO GPL-0007] NumPlaceInstances:          168
[INFO GPL-0008] NumFixedInstances:          117
[INFO GPL-0009] NumDummyInstances:            0
[INFO GPL-0010] NumNets:                    184
[INFO GPL-0011] NumPins:                    688
[INFO GPL-0012] DieBBox:  (  0.000  0.000 ) ( 80.335 91.055 ) um
[INFO GPL-0013] CoreBBox: (  5.520 10.880 ) ( 74.520 78.880 ) um
[INFO GPL-0016] CoreArea:              4692.000 um^2
[INFO GPL-0017] NonPlaceInstsArea:      271.510 um^2
[INFO GPL-0018] PlaceInstsArea:        2401.053 um^2
[INFO GPL-0019] Util:                    54.316 %
[INFO GPL-0020] StdInstsArea:          2401.053 um^2
[INFO GPL-0021] MacroInstsArea:           0.000 um^2
[InitialPlace]  Iter: 1 CG residual: 0.00000007 HPWL: 3728541
[InitialPlace]  Iter: 2 CG residual: 0.00000008 HPWL: 3356165
[InitialPlace]  Iter: 3 CG residual: 0.00000009 HPWL: 3227943
[InitialPlace]  Iter: 4 CG residual: 0.00000011 HPWL: 3149796
[InitialPlace]  Iter: 5 CG residual: 0.00000009 HPWL: 3106964
[INFO GPL-0031] FillerInit:NumGCells:       195
[INFO GPL-0032] FillerInit:NumGNets:        184
[INFO GPL-0033] FillerInit:NumGPins:        688
[INFO GPL-0023] TargetDensity:            0.630
[INFO GPL-0024] AvrgPlaceInstArea:       14.292 um^2
[INFO GPL-0025] IdealBinArea:            22.700 um^2
[INFO GPL-0026] IdealBinCnt:                206
[INFO GPL-0027] TotalBinArea:          4692.000 um^2
[INFO GPL-0028] BinCnt:         8      8
[INFO GPL-0029] BinSize: (  8.625  8.500 )
[INFO GPL-0030] NumBins: 64
[NesterovSolve] Iter:    1 overflow: 0.493 HPWL: 1782096
[INFO GPL-0100] Timing-driven: executing resizer for reweighting nets.
[INFO GPL-0101] Timing-driven: worst slack 5.33e-09
[INFO GPL-0103] Timing-driven: weighted 18 nets.
[NesterovSolve] Snapshot saved at iter = 0
[INFO GPL-0100] Timing-driven: executing resizer for reweighting nets.
[INFO GPL-0101] Timing-driven: worst slack 5.32e-09
[INFO GPL-0103] Timing-driven: weighted 18 nets.
[NesterovSolve] Iter:   10 overflow: 0.452 HPWL: 1864632
[NesterovSolve] Iter:   20 overflow: 0.446 HPWL: 1876430
[NesterovSolve] Iter:   30 overflow: 0.442 HPWL: 1868566
[NesterovSolve] Iter:   40 overflow: 0.441 HPWL: 1870133
[NesterovSolve] Iter:   50 overflow: 0.443 HPWL: 1869804
[NesterovSolve] Iter:   60 overflow: 0.443 HPWL: 1869180
[NesterovSolve] Iter:   70 overflow: 0.442 HPWL: 1869502
[NesterovSolve] Iter:   80 overflow: 0.441 HPWL: 1869288
[NesterovSolve] Iter:   90 overflow: 0.440 HPWL: 1869929
[NesterovSolve] Iter:  100 overflow: 0.439 HPWL: 1871055
[NesterovSolve] Iter:  110 overflow: 0.437 HPWL: 1872833
[NesterovSolve] Iter:  120 overflow: 0.435 HPWL: 1875780
[NesterovSolve] Iter:  130 overflow: 0.432 HPWL: 1877966
[NesterovSolve] Iter:  140 overflow: 0.427 HPWL: 1880879
[NesterovSolve] Iter:  150 overflow: 0.419 HPWL: 1881931
[NesterovSolve] Iter:  160 overflow: 0.405 HPWL: 1881843
[NesterovSolve] Iter:  170 overflow: 0.386 HPWL: 1876876
[NesterovSolve] Iter:  180 overflow: 0.364 HPWL: 1881919
[NesterovSolve] Iter:  190 overflow: 0.348 HPWL: 1882406
[NesterovSolve] Iter:  200 overflow: 0.325 HPWL: 1885412
[NesterovSolve] Iter:  210 overflow: 0.301 HPWL: 1885147
[INFO GPL-0075] Routability numCall: 1 inflationIterCnt: 1 bloatIterCnt: 0
[INFO GPL-0036] TileBBox: (    0    0 ) ( 6900 6900 ) DBU
[INFO GPL-0038] TileCnt:      11   13
[INFO GPL-0040] NumTiles: 143
[INFO GPL-0081] TotalRouteOverflow: 0
[INFO GPL-0082] OverflowTileCnt: 0
[INFO GPL-0083] 0.5%RC: 0.8695985674858093
[INFO GPL-0084] 1.0%RC: 0.8105200231075287
[INFO GPL-0085] 2.0%RC: 0.7820656100908915
[INFO GPL-0086] 5.0%RC: 0.7029018253087997
[INFO GPL-0087] FinalRC: 0.8400593
[INFO GPL-0077] FinalRC lower than targetRC(1.01), routability not needed.
[INFO GPL-0100] Timing-driven: executing resizer for reweighting nets.
[INFO GPL-0101] Timing-driven: worst slack 5.32e-09
[INFO GPL-0103] Timing-driven: weighted 18 nets.
[NesterovSolve] Iter:  220 overflow: 0.280 HPWL: 1890631
[NesterovSolve] Iter:  230 overflow: 0.260 HPWL: 1906132
[NesterovSolve] Iter:  240 overflow: 0.243 HPWL: 1933309
[NesterovSolve] Iter:  250 overflow: 0.222 HPWL: 1965607
[INFO GPL-0100] Timing-driven: executing resizer for reweighting nets.
[INFO GPL-0101] Timing-driven: worst slack 5.3e-09
[INFO GPL-0103] Timing-driven: weighted 18 nets.
[NesterovSolve] Iter:  260 overflow: 0.200 HPWL: 1996845
[NesterovSolve] Iter:  270 overflow: 0.179 HPWL: 2032257
[NesterovSolve] Iter:  280 overflow: 0.155 HPWL: 2070100
[INFO GPL-0100] Timing-driven: executing resizer for reweighting nets.
[INFO GPL-0101] Timing-driven: worst slack 5.31e-09
[INFO GPL-0103] Timing-driven: weighted 18 nets.
[NesterovSolve] Iter:  290 overflow: 0.131 HPWL: 2095888
[NesterovSolve] Iter:  300 overflow: 0.110 HPWL: 2125671
[NesterovSolve] Finished with Overflow: 0.098572
[INFO] Setting RC values…
Setting global connections for newly added cells…
[INFO] Setting global connections...
Updating metrics…
Cell type report:                       Count       Area
  Fill cell                                50     187.68
  Tap cell                                 67      83.83
  Inverter                                  9      33.78
  Sequential cell                          49    1277.48
  Multi-Input combinational cell          110    1089.80
  Total                                   285    2672.56
Writing OpenROAD database to '/home/bowang1308/DBQ_designs/SPI_master/runs/RUN_2025-06-05_17-26-58/27-openroad-globalplacement/SPI_Master_With_Multi_CS.odb'…
Writing netlist to '/home/bowang1308/DBQ_designs/SPI_master/runs/RUN_2025-06-05_17-26-58/27-openroad-globalplacement/SPI_Master_With_Multi_CS.nl.v'…
Writing powered netlist to '/home/bowang1308/DBQ_designs/SPI_master/runs/RUN_2025-06-05_17-26-58/27-openroad-globalplacement/SPI_Master_With_Multi_CS.pnl.v'…
Writing layout to '/home/bowang1308/DBQ_designs/SPI_master/runs/RUN_2025-06-05_17-26-58/27-openroad-globalplacement/SPI_Master_With_Multi_CS.def'…
Writing timing constraints to '/home/bowang1308/DBQ_designs/SPI_master/runs/RUN_2025-06-05_17-26-58/27-openroad-globalplacement/SPI_Master_With_Multi_CS.sdc'…
