Clock: i_Clk
Sources: i_Clk 
Generated: no
Virtual: yes
Propagated: no
Period: 10.000000

===========================================================================
report_clock_properties
============================================================================
Clock                   Period          Waveform
----------------------------------------------------
i_Clk                10.000000    0.000000  5.000000

===========================================================================
report_clock_latency
============================================================================
Clock i_Clk
rise -> rise
    min     max
0.000000 0.000000 source latency
0.610714         network latency _257_/CLK
        0.618365 network latency _273_/CLK
---------------
0.610714 0.618365 latency
        0.007651 skew

fall -> fall
    min     max
0.000000 0.000000 source latency
0.596804         network latency _257_/CLK
        0.603042 network latency _273_/CLK
---------------
0.596804 0.603042 latency
        0.006238 skew



===========================================================================
report_clock_min_period
============================================================================
i_Clk period_min = 4.59 fmax = 217.97
