Reading OpenROAD database at '/home/bowang1308/DBQ_designs/SPI_master/runs/RUN_2025-06-05_17-26-58/47-odb-reportdisconnectedpins/SPI_Master_With_Multi_CS.odb'…
Reading library file at '/home/bowang1308/.volare/volare/sky130/versions/0fe599b2afb6708d281543108caf8310912f54af/sky130A/libs.ref/sky130_fd_sc_hd/lib/sky130_fd_sc_hd__tt_025C_1v80.lib'…
Reading design constraints file at '/nix/store/ss2cw3sxbrwwx9jl0rrppbw4kgcmgi2n-python3-3.11.9-env/lib/python3.11/site-packages/openlane/scripts/base.sdc'…
[INFO] Using clock i_Clk…
[INFO] Setting output delay to: 2
[INFO] Setting input delay to: 2
[INFO] Setting load to: 0.033442
[INFO] Setting clock uncertainty to: 0.25
[INFO] Setting clock transition to: 0.1499999999999999944488848768742172978818416595458984375
[INFO] Setting timing derate to: 5%
sky130_ef_sc_hd__decap_12 sky130_fd_sc_hd__decap_8 sky130_fd_sc_hd__decap_6 sky130_fd_sc_hd__decap_4 sky130_fd_sc_hd__decap_3 sky130_fd_sc_hd__fill*
[INFO DPL-0001] Placed 241 filler instances.
Setting global connections for newly added cells…
[INFO] Setting global connections...
Updating metrics…
Cell type report:                       Count       Area
  Fill cell                               291    1730.41
  Tap cell                                 67      83.83
  Clock buffer                              7     146.39
  Timing Repair Buffer                     75     531.76
  Inverter                                  9      33.78
  Clock inverter                            1      30.03
  Sequential cell                          49    1233.68
  Multi-Input combinational cell          110     902.12
  Total                                   609    4692.00
Writing OpenROAD database to '/home/bowang1308/DBQ_designs/SPI_master/runs/RUN_2025-06-05_17-26-58/51-openroad-fillinsertion/SPI_Master_With_Multi_CS.odb'…
Writing netlist to '/home/bowang1308/DBQ_designs/SPI_master/runs/RUN_2025-06-05_17-26-58/51-openroad-fillinsertion/SPI_Master_With_Multi_CS.nl.v'…
Writing powered netlist to '/home/bowang1308/DBQ_designs/SPI_master/runs/RUN_2025-06-05_17-26-58/51-openroad-fillinsertion/SPI_Master_With_Multi_CS.pnl.v'…
Writing layout to '/home/bowang1308/DBQ_designs/SPI_master/runs/RUN_2025-06-05_17-26-58/51-openroad-fillinsertion/SPI_Master_With_Multi_CS.def'…
Writing timing constraints to '/home/bowang1308/DBQ_designs/SPI_master/runs/RUN_2025-06-05_17-26-58/51-openroad-fillinsertion/SPI_Master_With_Multi_CS.sdc'…
