Reading OpenROAD database at '/home/bowang1308/DBQ_designs/SPI_master/runs/RUN_2025-06-05_17-26-58/31-openroad-repairdesignpostgpl/SPI_Master_With_Multi_CS.odb'…
Reading library file at '/home/bowang1308/.volare/volare/sky130/versions/0fe599b2afb6708d281543108caf8310912f54af/sky130A/libs.ref/sky130_fd_sc_hd/lib/sky130_fd_sc_hd__tt_025C_1v80.lib'…
Reading design constraints file at '/nix/store/ss2cw3sxbrwwx9jl0rrppbw4kgcmgi2n-python3-3.11.9-env/lib/python3.11/site-packages/openlane/scripts/base.sdc'…
[INFO] Using clock i_Clk…
[INFO] Setting output delay to: 2
[INFO] Setting input delay to: 2
[INFO] Setting load to: 0.033442
[INFO] Setting clock uncertainty to: 0.25
[INFO] Setting clock transition to: 0.1499999999999999944488848768742172978818416595458984375
[INFO] Setting timing derate to: 5%
Placement Analysis
---------------------------------
total displacement          0.0 u
average displacement        0.0 u
max displacement            0.0 u
original HPWL            3139.3 u
legalized HPWL           3274.3 u
delta HPWL                    4 %

[INFO DPL-0020] Mirrored 77 instances
[INFO DPL-0021] HPWL before            3274.3 u
[INFO DPL-0022] HPWL after             3139.3 u
[INFO DPL-0023] HPWL delta               -4.1 %
Setting global connections for newly added cells…
[INFO] Setting global connections...
Updating metrics…
Cell type report:                       Count       Area
  Fill cell                                50     187.68
  Tap cell                                 67      83.83
  Timing Repair Buffer                     43     211.45
  Inverter                                  9      33.78
  Sequential cell                          49    1233.68
  Multi-Input combinational cell          110     902.12
  Total                                   328    2652.54
Writing OpenROAD database to '/home/bowang1308/DBQ_designs/SPI_master/runs/RUN_2025-06-05_17-26-58/33-openroad-detailedplacement/SPI_Master_With_Multi_CS.odb'…
Writing netlist to '/home/bowang1308/DBQ_designs/SPI_master/runs/RUN_2025-06-05_17-26-58/33-openroad-detailedplacement/SPI_Master_With_Multi_CS.nl.v'…
Writing powered netlist to '/home/bowang1308/DBQ_designs/SPI_master/runs/RUN_2025-06-05_17-26-58/33-openroad-detailedplacement/SPI_Master_With_Multi_CS.pnl.v'…
Writing layout to '/home/bowang1308/DBQ_designs/SPI_master/runs/RUN_2025-06-05_17-26-58/33-openroad-detailedplacement/SPI_Master_With_Multi_CS.def'…
Writing timing constraints to '/home/bowang1308/DBQ_designs/SPI_master/runs/RUN_2025-06-05_17-26-58/33-openroad-detailedplacement/SPI_Master_With_Multi_CS.sdc'…
