Clock: i_Clk
Sources: i_Clk 
Generated: no
Virtual: no
Propagated: no
Period: 10.000000

===========================================================================
report_clock_properties
============================================================================
Clock                   Period          Waveform
----------------------------------------------------
i_Clk                10.000000    0.000000  5.000000

===========================================================================
report_clock_latency
============================================================================
Clock i_Clk
rise -> rise
    min     max
0.000000 0.000000 source latency
0.436129         network latency _237_/CLK
        0.436129 network latency _237_/CLK
---------------
0.436129 0.436129 latency
        0.000000 skew

fall -> fall
    min     max
0.000000 0.000000 source latency
0.242650         network latency _237_/CLK
        0.242650 network latency _237_/CLK
---------------
0.242650 0.242650 latency
        0.000000 skew



===========================================================================
report_clock_min_period
============================================================================
i_Clk period_min = 4.57 fmax = 218.89
