Clock: i_Clk
Sources: i_Clk 
Generated: no
Virtual: yes
Propagated: no
Period: 10.000000

===========================================================================
report_clock_properties
============================================================================
Clock                   Period          Waveform
----------------------------------------------------
i_Clk                10.000000    0.000000  5.000000

===========================================================================
report_clock_latency
============================================================================
Clock i_Clk
rise -> rise
    min     max
0.000000 0.000000 source latency
0.352216         network latency _257_/CLK
        0.356506 network latency _273_/CLK
---------------
0.352216 0.356506 latency
        0.004290 skew

fall -> fall
    min     max
0.000000 0.000000 source latency
0.334455         network latency _257_/CLK
        0.337745 network latency _273_/CLK
---------------
0.334455 0.337745 latency
        0.003290 skew



===========================================================================
report_clock_min_period
============================================================================
i_Clk period_min = 2.24 fmax = 447.00
