Clock: i_Clk
Sources: i_Clk 
Generated: no
Virtual: yes
Propagated: no
Period: 10.000000

===========================================================================
report_clock_properties
============================================================================
Clock                   Period          Waveform
----------------------------------------------------
i_Clk                10.000000    0.000000  5.000000

===========================================================================
report_clock_latency
============================================================================
Clock i_Clk
rise -> rise
    min     max
0.000000 0.000000 source latency
0.254731         network latency _257_/CLK
        0.259734 network latency _273_/CLK
---------------
0.254731 0.259734 latency
        0.005003 skew

fall -> fall
    min     max
0.000000 0.000000 source latency
0.235662         network latency _257_/CLK
        0.239537 network latency _273_/CLK
---------------
0.235662 0.239537 latency
        0.003875 skew



===========================================================================
report_clock_min_period
============================================================================
i_Clk period_min = 1.40 fmax = 716.10
