Clock: i_Clk
Sources: i_Clk 
Generated: no
Virtual: yes
Propagated: no
Period: 10.000000

===========================================================================
report_clock_properties
============================================================================
Clock                   Period          Waveform
----------------------------------------------------
i_Clk                10.000000    0.000000  5.000000

===========================================================================
report_clock_latency
============================================================================
Clock i_Clk
rise -> rise
    min     max
0.000000 0.000000 source latency
0.339988         network latency _257_/CLK
        0.343137 network latency _273_/CLK
---------------
0.339988 0.343137 latency
        0.003149 skew

fall -> fall
    min     max
0.000000 0.000000 source latency
0.327895         network latency _257_/CLK
        0.330376 network latency _273_/CLK
---------------
0.327895 0.330376 latency
        0.002481 skew



===========================================================================
report_clock_min_period
============================================================================
i_Clk period_min = 2.25 fmax = 445.14
