Clock: i_Clk
Sources: i_Clk 
Generated: no
Virtual: yes
Propagated: no
Period: 10.000000

===========================================================================
report_clock_properties
============================================================================
Clock                   Period          Waveform
----------------------------------------------------
i_Clk                10.000000    0.000000  5.000000

===========================================================================
report_clock_latency
============================================================================
Clock i_Clk
rise -> rise
    min     max
0.000000 0.000000 source latency
0.331046         network latency _241_/CLK
        0.332854 network latency _273_/CLK
---------------
0.331046 0.332854 latency
        0.001809 skew

fall -> fall
    min     max
0.000000 0.000000 source latency
0.321760         network latency _241_/CLK
        0.323180 network latency _273_/CLK
---------------
0.321760 0.323180 latency
        0.001420 skew



===========================================================================
report_clock_min_period
============================================================================
i_Clk period_min = 2.20 fmax = 453.77
