Clock: i_Clk
Sources: i_Clk 
Generated: no
Virtual: yes
Propagated: no
Period: 10.000000

===========================================================================
report_clock_properties
============================================================================
Clock                   Period          Waveform
----------------------------------------------------
i_Clk                10.000000    0.000000  5.000000

===========================================================================
report_clock_latency
============================================================================
Clock i_Clk
rise -> rise
    min     max
0.000000 0.000000 source latency
0.376525         network latency _265_/CLK
        0.378234 network latency _272_/CLK
---------------
0.376525 0.378234 latency
        0.001709 skew

fall -> fall
    min     max
0.000000 0.000000 source latency
0.182766         network latency _265_/CLK
        0.184368 network latency _272_/CLK
---------------
0.182766 0.184368 latency
        0.001602 skew



===========================================================================
report_clock_min_period
============================================================================
i_Clk period_min = 2.24 fmax = 446.27
