Clock: i_Clk
Sources: i_Clk 
Generated: no
Virtual: yes
Propagated: no
Period: 10.000000

===========================================================================
report_clock_properties
============================================================================
Clock                   Period          Waveform
----------------------------------------------------
i_Clk                10.000000    0.000000  5.000000

===========================================================================
report_clock_latency
============================================================================
Clock i_Clk
rise -> rise
    min     max
0.000000 0.000000 source latency
0.357924         network latency _257_/CLK
        0.362848 network latency _273_/CLK
---------------
0.357924 0.362848 latency
        0.004923 skew

fall -> fall
    min     max
0.000000 0.000000 source latency
0.338153         network latency _257_/CLK
        0.341949 network latency _273_/CLK
---------------
0.338153 0.341949 latency
        0.003796 skew



===========================================================================
report_clock_min_period
============================================================================
i_Clk period_min = 2.25 fmax = 445.06
