
===========================================================================
report_checks -unconstrained
===========================================================================
======================= nom_ss_100C_1v60 Corner ===================================

Startpoint: i_Rst_L (input port clocked by i_Clk)
Endpoint: _255_ (recovery check against rising-edge clock i_Clk)
Path Group: asynchronous
Path Type: max

Fanout         Cap        Slew       Delay        Time   Description
---------------------------------------------------------------------------------------------
                                  0.000000    0.000000   clock i_Clk (rise edge)
                                  0.000000    0.000000   clock network delay (propagated)
                                  2.000000    2.000000 ^ input external delay
     1    0.005576    0.051113    0.030465    2.030465 ^ i_Rst_L (in)
                                                         i_Rst_L (net)
                      0.051113    0.000000    2.030465 ^ input1/A (sky130_fd_sc_hd__clkbuf_1)
     1    0.004330    0.098970    0.162302    2.192767 ^ input1/X (sky130_fd_sc_hd__clkbuf_1)
                                                         net1 (net)
                      0.098970    0.000159    2.192925 ^ fanout43/A (sky130_fd_sc_hd__buf_2)
     7    0.038594    0.304726    0.378378    2.571304 ^ fanout43/X (sky130_fd_sc_hd__buf_2)
                                                         net43 (net)
                      0.304846    0.002224    2.573528 ^ fanout39/A (sky130_fd_sc_hd__clkbuf_4)
    10    0.045711    0.230146    0.471668    3.045195 ^ fanout39/X (sky130_fd_sc_hd__clkbuf_4)
                                                         net39 (net)
                      0.230152    0.001541    3.046736 ^ fanout38/A (sky130_fd_sc_hd__clkbuf_4)
    10    0.043878    0.221630    0.432842    3.479578 ^ fanout38/X (sky130_fd_sc_hd__clkbuf_4)
                                                         net38 (net)
                      0.221635    0.001451    3.481029 ^ _255_/SET_B (sky130_fd_sc_hd__dfstp_2)
                                              3.481029   data arrival time

                                 10.000000   10.000000   clock i_Clk (rise edge)
                                  0.000000   10.000000   clock source latency
     1    0.016943    0.128844    0.087066   10.087067 ^ i_Clk (in)
                                                         i_Clk (net)
                      0.128848    0.000000   10.087067 ^ clkbuf_0_i_Clk/A (sky130_fd_sc_hd__clkbuf_16)
     4    0.040577    0.095512    0.277414   10.364480 ^ clkbuf_0_i_Clk/X (sky130_fd_sc_hd__clkbuf_16)
                                                         clknet_0_i_Clk (net)
                      0.095524    0.001085   10.365565 ^ clkbuf_2_2__f_i_Clk/A (sky130_fd_sc_hd__clkbuf_16)
    14    0.038415    0.092351    0.259178   10.624744 ^ clkbuf_2_2__f_i_Clk/X (sky130_fd_sc_hd__clkbuf_16)
                                                         clknet_2_2__leaf_i_Clk (net)
                      0.092351    0.000489   10.625234 ^ _255_/CLK (sky130_fd_sc_hd__dfstp_2)
                                 -0.250000   10.375234   clock uncertainty
                                  0.000000   10.375234   clock reconvergence pessimism
                                  0.251612   10.626845   library recovery time
                                             10.626845   data required time
---------------------------------------------------------------------------------------------
                                             10.626845   data required time
                                             -3.481029   data arrival time
---------------------------------------------------------------------------------------------
                                              7.145816   slack (MET)


Startpoint: i_TX_DV (input port clocked by i_Clk)
Endpoint: o_TX_Ready (output port clocked by i_Clk)
Path Group: i_Clk
Path Type: max

Fanout         Cap        Slew       Delay        Time   Description
---------------------------------------------------------------------------------------------
                                  0.000000    0.000000   clock i_Clk (rise edge)
                                  0.000000    0.000000   clock network delay (propagated)
                                  2.000000    2.000000 v input external delay
     1    0.005098    0.027503    0.016492    2.016492 v i_TX_DV (in)
                                                         i_TX_DV (net)
                      0.027504    0.000000    2.016492 v input15/A (sky130_fd_sc_hd__clkbuf_1)
     1    0.004086    0.063153    0.153218    2.169710 v input15/X (sky130_fd_sc_hd__clkbuf_1)
                                                         net15 (net)
                      0.063153    0.000145    2.169855 v fanout37/A (sky130_fd_sc_hd__clkbuf_4)
    10    0.043474    0.168030    0.344827    2.514683 v fanout37/X (sky130_fd_sc_hd__clkbuf_4)
                                                         net37 (net)
                      0.168033    0.001090    2.515772 v _140_/B1 (sky130_fd_sc_hd__a21oi_1)
     1    0.002282    0.153557    0.209489    2.725261 ^ _140_/Y (sky130_fd_sc_hd__a21oi_1)
                                                         net33 (net)
                      0.153557    0.000066    2.725327 ^ output33/A (sky130_fd_sc_hd__buf_2)
     1    0.034213    0.271888    0.382304    3.107631 ^ output33/X (sky130_fd_sc_hd__buf_2)
                                                         o_TX_Ready (net)
                      0.271888    0.000660    3.108291 ^ o_TX_Ready (out)
                                              3.108291   data arrival time

                                 10.000000   10.000000   clock i_Clk (rise edge)
                                  0.000000   10.000000   clock network delay (propagated)
                                 -0.250000    9.750000   clock uncertainty
                                  0.000000    9.750000   clock reconvergence pessimism
                                 -2.000000    7.750000   output external delay
                                              7.750000   data required time
---------------------------------------------------------------------------------------------
                                              7.750000   data required time
                                             -3.108291   data arrival time
---------------------------------------------------------------------------------------------
                                              4.641709   slack (MET)




===========================================================================
report_checks --slack_max -0.01
============================================================================
======================= nom_ss_100C_1v60 Corner ===================================

No paths found.


===========================================================================
 report_check_types -max_slew -max_cap -max_fanout -violators
============================================================================
======================= nom_ss_100C_1v60 Corner ===================================

max fanout

Pin                                   Limit Fanout  Slack
---------------------------------------------------------
clkbuf_2_1__f_i_Clk/X                    10     14     -4 (VIOLATED)
clkbuf_2_2__f_i_Clk/X                    10     14     -4 (VIOLATED)
clkbuf_2_3__f_i_Clk/X                    10     13     -3 (VIOLATED)
clkbuf_2_0__f_i_Clk/X                    10     11        (VIOLATED)



===========================================================================
report_parasitic_annotation -report_unannotated
============================================================================
Found 3 unannotated drivers.
 clkload0/Y
 clkload1/X
 clkload2/X
Found 0 partially unannotated drivers.

===========================================================================
max slew violation count 0
max fanout violation count 4
max cap violation count 0
============================================================================

===========================================================================
check_setup -verbose -unconstrained_endpoints -multiple_clock -no_clock -no_input_delay -loops -generated_clocks
===========================================================================
