Clock: i_Clk
Sources: i_Clk 
Generated: no
Virtual: yes
Propagated: no
Period: 10.000000

===========================================================================
report_clock_properties
============================================================================
Clock                   Period          Waveform
----------------------------------------------------
i_Clk                10.000000    0.000000  5.000000

===========================================================================
report_clock_latency
============================================================================
Clock i_Clk
rise -> rise
    min     max
0.000000 0.000000 source latency
0.620317         network latency _257_/CLK
        0.628994 network latency _273_/CLK
---------------
0.620317 0.628994 latency
        0.008677 skew

fall -> fall
    min     max
0.000000 0.000000 source latency
0.603508         network latency _257_/CLK
        0.610612 network latency _273_/CLK
---------------
0.603508 0.610612 latency
        0.007104 skew



===========================================================================
report_clock_min_period
============================================================================
i_Clk period_min = 4.60 fmax = 217.22
