138. Printing statistics.

=== SPI_Master_With_Multi_CS ===

   Number of wires:                245
   Number of wire bits:            292
   Number of public wires:          27
   Number of public wire bits:      66
   Number of ports:                 14
   Number of port bits:             34
   Number of memories:               0
   Number of memory bits:            0
   Number of processes:              0
   Number of cells:                274
     $_ANDNOT_                      59
     $_AND_                          4
     $_MUX_                         57
     $_NAND_                         7
     $_NOR_                         18
     $_NOT_                         10
     $_ORNOT_                       10
     $_OR_                          47
     $_XNOR_                         5
     $_XOR_                          8
     sky130_fd_sc_hd__dfrtp_2       36
     sky130_fd_sc_hd__dfstp_2       11
     sky130_fd_sc_hd__dfxtp_2        2

   Area for cell type $_NOT_ is unknown!
   Area for cell type $_AND_ is unknown!
   Area for cell type $_NAND_ is unknown!
   Area for cell type $_OR_ is unknown!
   Area for cell type $_NOR_ is unknown!
   Area for cell type $_XOR_ is unknown!
   Area for cell type $_XNOR_ is unknown!
   Area for cell type $_ANDNOT_ is unknown!
   Area for cell type $_ORNOT_ is unknown!
   Area for cell type $_MUX_ is unknown!

   Chip area for module '\SPI_Master_With_Multi_CS': 1277.475200
     of which used for sequential elements: 1277.475200 (100.00%)

