132. Printing statistics.

=== SPI_Master_With_Multi_CS ===

   Number of wires:                200
   Number of wire bits:            247
   Number of public wires:          27
   Number of public wire bits:      66
   Number of ports:                 14
   Number of port bits:             34
   Number of memories:               0
   Number of memory bits:            0
   Number of processes:              0
   Number of cells:                229
     $_ANDNOT_                      59
     $_AND_                          4
     $_DFFE_PN0P_                   30
     $_DFFE_PN1P_                   11
     $_DFF_PN0_                      6
     $_MUX_                         12
     $_NAND_                         7
     $_NOR_                         18
     $_NOT_                         10
     $_ORNOT_                       10
     $_OR_                          47
     $_SDFFE_PN0P_                   2
     $_XNOR_                         5
     $_XOR_                          8

   Area for cell type $_NOT_ is unknown!
   Area for cell type $_AND_ is unknown!
   Area for cell type $_NAND_ is unknown!
   Area for cell type $_OR_ is unknown!
   Area for cell type $_NOR_ is unknown!
   Area for cell type $_XOR_ is unknown!
   Area for cell type $_XNOR_ is unknown!
   Area for cell type $_ANDNOT_ is unknown!
   Area for cell type $_ORNOT_ is unknown!
   Area for cell type $_MUX_ is unknown!
   Area for cell type $_DFF_PN0_ is unknown!
   Area for cell type $_DFFE_PN0P_ is unknown!
   Area for cell type $_DFFE_PN1P_ is unknown!
   Area for cell type $_SDFFE_PN0P_ is unknown!

