146. Printing statistics.

=== SPI_Master_With_Multi_CS ===

   Number of wires:                164
   Number of wire bits:            184
   Number of public wires:          46
   Number of public wire bits:      66
   Number of ports:                 14
   Number of port bits:             34
   Number of memories:               0
   Number of memory bits:            0
   Number of processes:              0
   Number of cells:                168
     sky130_fd_sc_hd__a211oi_2       2
     sky130_fd_sc_hd__a21boi_2       1
     sky130_fd_sc_hd__a21o_2         2
     sky130_fd_sc_hd__a21oi_2        5
     sky130_fd_sc_hd__a22o_2         1
     sky130_fd_sc_hd__a311oi_2       2
     sky130_fd_sc_hd__a31o_2         3
     sky130_fd_sc_hd__a32o_2         2
     sky130_fd_sc_hd__a41o_2         1
     sky130_fd_sc_hd__and2_2         3
     sky130_fd_sc_hd__and2b_2        3
     sky130_fd_sc_hd__and3b_2        1
     sky130_fd_sc_hd__and4_2         1
     sky130_fd_sc_hd__dfrtp_2       36
     sky130_fd_sc_hd__dfstp_2       11
     sky130_fd_sc_hd__dfxtp_2        2
     sky130_fd_sc_hd__inv_2          9
     sky130_fd_sc_hd__mux2_1        22
     sky130_fd_sc_hd__mux4_2         2
     sky130_fd_sc_hd__nand2_2        3
     sky130_fd_sc_hd__nand2b_2       2
     sky130_fd_sc_hd__nor2_2         8
     sky130_fd_sc_hd__nor3_2         2
     sky130_fd_sc_hd__o21a_2         7
     sky130_fd_sc_hd__o21ai_2        5
     sky130_fd_sc_hd__o21ba_2        1
     sky130_fd_sc_hd__o21bai_2       3
     sky130_fd_sc_hd__o311a_2        1
     sky130_fd_sc_hd__o31a_2         2
     sky130_fd_sc_hd__or2_2          5
     sky130_fd_sc_hd__or3_2          6
     sky130_fd_sc_hd__or3b_2         5
     sky130_fd_sc_hd__or4_2          2
     sky130_fd_sc_hd__or4bb_2        2
     sky130_fd_sc_hd__xnor2_2        3
     sky130_fd_sc_hd__xor2_2         2

   Chip area for module '\SPI_Master_With_Multi_CS': 2401.052800
     of which used for sequential elements: 1277.475200 (53.20%)

